<?xml version="1.0" encoding="UTF-8"?>
<testsuite name="com.paystack.assessment.AssessmentApplicationTests" tests="1" skipped="0" failures="0" errors="0" timestamp="2025-01-07T19:35:12" hostname="DESKTOP-Q67KS6N" time="1.95">
  <properties/>
  <testcase name="contextLoads()" classname="com.paystack.assessment.AssessmentApplicationTests" time="1.95"/>
  <system-out><![CDATA[20:34:56.314 [Test worker] INFO org.springframework.test.context.support.AnnotationConfigContextLoaderUtils -- Could not detect default configuration classes for test class [com.paystack.assessment.AssessmentApplicationTests]: AssessmentApplicationTests does not declare any static, non-private, non-final, nested classes annotated with @Configuration.
20:34:56.692 [Test worker] INFO org.springframework.boot.test.context.SpringBootTestContextBootstrapper -- Found @SpringBootConfiguration com.paystack.assessment.AssessmentApplication for test class com.paystack.assessment.AssessmentApplicationTests

  .   ____          _            __ _ _
 /\\ / ___'_ __ _ _(_)_ __  __ _ \ \ \ \
( ( )\___ | '_ | '_| | '_ \/ _` | \ \ \ \
 \\/  ___)| |_)| | | | | || (_| |  ) ) ) )
  '  |____| .__|_| |_|_| |_\__, | / / / /
 =========|_|==============|___/=/_/_/_/

 :: Spring Boot ::                (v3.4.1)

2025-01-07T20:34:57.952+01:00  INFO 20404 --- [assessment] [    Test worker] c.p.a.AssessmentApplicationTests         : Starting AssessmentApplicationTests using Java 17.0.12 with PID 20404 (started by Chima in C:\Users\Chima\OneDrive\Documents\paystack\paystack_assessment\assessment)
2025-01-07T20:34:57.959+01:00  INFO 20404 --- [assessment] [    Test worker] c.p.a.AssessmentApplicationTests         : No active profile set, falling back to 1 default profile: "default"
2025-01-07T20:35:00.011+01:00  INFO 20404 --- [assessment] [    Test worker] .s.d.r.c.RepositoryConfigurationDelegate : Bootstrapping Spring Data JPA repositories in DEFAULT mode.
2025-01-07T20:35:00.100+01:00  INFO 20404 --- [assessment] [    Test worker] .s.d.r.c.RepositoryConfigurationDelegate : Finished Spring Data repository scanning in 43 ms. Found 0 JPA repository interfaces.
2025-01-07T20:35:01.474+01:00  INFO 20404 --- [assessment] [    Test worker] o.hibernate.jpa.internal.util.LogHelper  : HHH000204: Processing PersistenceUnitInfo [name: default]
2025-01-07T20:35:01.686+01:00  INFO 20404 --- [assessment] [    Test worker] org.hibernate.Version                    : HHH000412: Hibernate ORM core version 6.6.4.Final
2025-01-07T20:35:01.815+01:00  INFO 20404 --- [assessment] [    Test worker] o.h.c.internal.RegionFactoryInitiator    : HHH000026: Second-level cache disabled
2025-01-07T20:35:02.919+01:00  INFO 20404 --- [assessment] [    Test worker] o.s.o.j.p.SpringPersistenceUnitInfo      : No LoadTimeWeaver setup: ignoring JPA class transformer
2025-01-07T20:35:03.034+01:00  INFO 20404 --- [assessment] [    Test worker] com.zaxxer.hikari.HikariDataSource       : HikariPool-1 - Starting...
2025-01-07T20:35:07.174+01:00  INFO 20404 --- [assessment] [    Test worker] com.zaxxer.hikari.pool.HikariPool        : HikariPool-1 - Added connection org.postgresql.jdbc.PgConnection@15cee630
2025-01-07T20:35:07.179+01:00  INFO 20404 --- [assessment] [    Test worker] com.zaxxer.hikari.HikariDataSource       : HikariPool-1 - Start completed.
2025-01-07T20:35:08.821+01:00  INFO 20404 --- [assessment] [    Test worker] org.hibernate.orm.connections.pooling    : HHH10001005: Database info:
	Database JDBC URL [Connecting through datasource 'HikariDataSource (HikariPool-1)']
	Database driver: undefined/unknown
	Database version: 16.4
	Autocommit mode: undefined/unknown
	Isolation level: undefined/unknown
	Minimum pool size: undefined/unknown
	Maximum pool size: undefined/unknown
2025-01-07T20:35:10.366+01:00  INFO 20404 --- [assessment] [    Test worker] o.h.e.t.j.p.i.JtaPlatformInitiator       : HHH000489: No JTA platform available (set 'hibernate.transaction.jta.platform' to enable JTA platform integration)
2025-01-07T20:35:10.380+01:00  INFO 20404 --- [assessment] [    Test worker] j.LocalContainerEntityManagerFactoryBean : Initialized JPA EntityManagerFactory for persistence unit 'default'
2025-01-07T20:35:11.424+01:00  WARN 20404 --- [assessment] [    Test worker] JpaBaseConfiguration$JpaWebConfiguration : spring.jpa.open-in-view is enabled by default. Therefore, database queries may be performed during view rendering. Explicitly configure spring.jpa.open-in-view to disable this warning
2025-01-07T20:35:12.786+01:00  INFO 20404 --- [assessment] [    Test worker] c.p.a.AssessmentApplicationTests         : Started AssessmentApplicationTests in 15.622 seconds (process running for 18.922)
]]></system-out>
  <system-err><![CDATA[]]></system-err>
</testsuite>
